<?xml version="1.0" encoding="UTF-8"?>
<!-- Generated by org.testng.reporters.JUnitXMLReporter -->
<testsuite ignored="1" hostname="DELLi310GEN" failures="1" tests="1" name="HomePage Module(failed)(failed)" time="5.557" errors="0" timestamp="2022-05-31T09:07:07 IST">
  <testcase classname="testNGScripts.HomePageModule" name="TC6_AccessToCustomersPage" time="0.572">
    <failure type="java.lang.AssertionError" message="expected [true] but found [false]">
      <![CDATA[java.lang.AssertionError: expected [true] but found [false]
at testNGScripts.HomePageModule.TC6_AccessToCustomersPage(HomePageModule.java:42)
at java.base/java.util.concurrent.ThreadPoolExecutor.runWorker(ThreadPoolExecutor.java:1130)
at java.base/java.util.concurrent.ThreadPoolExecutor$Worker.run(ThreadPoolExecutor.java:630)
at java.base/java.lang.Thread.run(Thread.java:831)
... Removed 16 stack frames]]>
    </failure>
  </testcase> <!-- TC6_AccessToCustomersPage -->
  <testcase classname="testNGScripts.HomePageModule" name="TC5_AccessToStockItemsPage" time="0.0">
    <ignored/>
  </testcase> <!-- TC5_AccessToStockItemsPage -->
</testsuite> <!-- HomePage Module(failed)(failed) -->
